<?xml version="1.0" encoding="UTF-8"?>
<!-- Generated by org.testng.reporters.JUnitReportReporter -->
<testsuite skipped="0" hostname="DESKTOP-BRRH2CJ" name="com.wip.test.LoginPageTest" tests="3" failures="0" timestamp="17 Apr 2020 07:16:52 GMT" time="119.494" errors="0">
  <testcase name="verifyEndtoEndFloeOfPurchasingtheProduct" time="66.734" classname="com.wip.test.LoginPageTest"/>
  <testcase name="verifySuccessfullLoginFunctionality" time="23.401" classname="com.wip.test.LoginPageTest"/>
  <testcase name="verifyInvalidLoginFunctionality" time="29.359" classname="com.wip.test.LoginPageTest"/>
</testsuite> <!-- com.wip.test.LoginPageTest -->
